[0m08:53:34.910392 [debug] [MainThread]: Sending event: {'category': 'dbt', 'action': 'invocation', 'label': 'start', 'context': [<snowplow_tracker.self_describing_json.SelfDescribingJson object at 0x7f15e53e2510>, <snowplow_tracker.self_describing_json.SelfDescribingJson object at 0x7f15e54cd100>, <snowplow_tracker.self_describing_json.SelfDescribingJson object at 0x7f15e53e0e90>]}


============================== 08:53:34.925717 | 5d3c41d7-2179-4429-822b-9559a20b5831 ==============================
[0m08:53:34.925717 [info ] [MainThread]: Running with dbt=1.7.9
[0m08:53:34.927021 [debug] [MainThread]: running dbt with arguments {'printer_width': '80', 'indirect_selection': 'eager', 'write_json': 'True', 'log_cache_events': 'False', 'partial_parse': 'True', 'cache_selected_only': 'False', 'warn_error': 'None', 'version_check': 'True', 'debug': 'False', 'log_path': 'logs', 'fail_fast': 'False', 'profiles_dir': '/home/rbelline/.dbt', 'use_colors': 'True', 'use_experimental_parser': 'False', 'no_print': 'None', 'quiet': 'False', 'warn_error_options': 'WarnErrorOptions(include=[], exclude=[])', 'invocation_command': 'dbt init', 'log_format': 'default', 'static_parser': 'True', 'target_path': 'None', 'introspect': 'True', 'send_anonymous_usage_stats': 'True'}
[0m08:53:44.332568 [debug] [MainThread]: Starter project path: /mnt/c/Users/RBellinello/OneDrive - Datalogic S.p.a/Documents/Personal Projects/PythonCode/env-dbt-mysql/lib/python3.12/site-packages/dbt/include/starter_project
[0m08:53:45.607214 [info ] [MainThread]: 
Your new dbt project "mysql_project" was created!

For more information on how to configure the profiles.yml file,
please consult the dbt documentation here:

  https://docs.getdbt.com/docs/configure-your-profile

One more thing:

Need help? Don't hesitate to reach out to us via GitHub issues or on Slack:

  https://community.getdbt.com/

Happy modeling!

[0m08:53:45.610011 [info ] [MainThread]: Setting up your profile.
[0m08:53:49.142427 [debug] [MainThread]: Sending event: {'category': 'dbt', 'action': 'invocation', 'label': 'end', 'context': [<snowplow_tracker.self_describing_json.SelfDescribingJson object at 0x7f15e5417d10>, <snowplow_tracker.self_describing_json.SelfDescribingJson object at 0x7f15e9076e70>, <snowplow_tracker.self_describing_json.SelfDescribingJson object at 0x7f15e5140860>]}
[0m08:53:49.144436 [debug] [MainThread]: Flushing usage events
[0m08:56:48.539914 [debug] [MainThread]: Sending event: {'category': 'dbt', 'action': 'invocation', 'label': 'start', 'context': [<snowplow_tracker.self_describing_json.SelfDescribingJson object at 0x7f7bfcea60f0>, <snowplow_tracker.self_describing_json.SelfDescribingJson object at 0x7f7bfcf6aae0>, <snowplow_tracker.self_describing_json.SelfDescribingJson object at 0x7f7bfcfa3800>]}


============================== 08:56:48.555906 | f7b7c42f-fbcf-4b57-8490-d9bc91428481 ==============================
[0m08:56:48.555906 [info ] [MainThread]: Running with dbt=1.7.9
[0m08:56:48.558868 [debug] [MainThread]: running dbt with arguments {'printer_width': '80', 'indirect_selection': 'eager', 'log_cache_events': 'False', 'write_json': 'True', 'partial_parse': 'True', 'cache_selected_only': 'False', 'profiles_dir': '/home/rbelline/.dbt', 'version_check': 'True', 'debug': 'False', 'log_path': 'logs', 'fail_fast': 'False', 'warn_error': 'None', 'use_colors': 'True', 'use_experimental_parser': 'False', 'no_print': 'None', 'quiet': 'False', 'log_format': 'default', 'invocation_command': 'dbt init', 'static_parser': 'True', 'introspect': 'True', 'target_path': 'None', 'warn_error_options': 'WarnErrorOptions(include=[], exclude=[])', 'send_anonymous_usage_stats': 'True'}
[0m08:57:20.426206 [info ] [MainThread]: A project called mysql_project already exists here.
[0m08:57:20.432352 [debug] [MainThread]: Resource report: {"command_name": "init", "command_success": true, "command_wall_clock_time": 31.941402, "process_user_time": 2.200532, "process_kernel_time": 0.673847, "process_mem_max_rss": "93288", "process_in_blocks": "5720", "process_out_blocks": "0"}
[0m08:57:20.434525 [debug] [MainThread]: Command `dbt init` succeeded at 08:57:20.434331 after 31.94 seconds
[0m08:57:20.436584 [debug] [MainThread]: Sending event: {'category': 'dbt', 'action': 'invocation', 'label': 'end', 'context': [<snowplow_tracker.self_describing_json.SelfDescribingJson object at 0x7f7bfd3bbf50>, <snowplow_tracker.self_describing_json.SelfDescribingJson object at 0x7f7bfcfa3800>, <snowplow_tracker.self_describing_json.SelfDescribingJson object at 0x7f7bfd0b6b70>]}
[0m08:57:20.438416 [debug] [MainThread]: Flushing usage events
[0m09:02:55.473960 [debug] [MainThread]: Sending event: {'category': 'dbt', 'action': 'invocation', 'label': 'start', 'context': [<snowplow_tracker.self_describing_json.SelfDescribingJson object at 0x7f678766a960>, <snowplow_tracker.self_describing_json.SelfDescribingJson object at 0x7f678787aae0>, <snowplow_tracker.self_describing_json.SelfDescribingJson object at 0x7f678766aae0>]}


============================== 09:02:55.486543 | 6bfa315b-63af-4896-bbf8-b618585ba180 ==============================
[0m09:02:55.486543 [info ] [MainThread]: Running with dbt=1.7.9
[0m09:02:55.487936 [debug] [MainThread]: running dbt with arguments {'printer_width': '80', 'indirect_selection': 'eager', 'log_cache_events': 'False', 'write_json': 'True', 'partial_parse': 'True', 'cache_selected_only': 'False', 'profiles_dir': '/home/rbelline/.dbt', 'debug': 'False', 'fail_fast': 'False', 'log_path': 'logs', 'warn_error': 'None', 'version_check': 'True', 'use_colors': 'True', 'use_experimental_parser': 'False', 'no_print': 'None', 'quiet': 'False', 'warn_error_options': 'WarnErrorOptions(include=[], exclude=[])', 'introspect': 'True', 'invocation_command': 'dbt debug', 'static_parser': 'True', 'target_path': 'None', 'log_format': 'default', 'send_anonymous_usage_stats': 'True'}
[0m09:02:55.489253 [info ] [MainThread]: dbt version: 1.7.9
[0m09:02:55.490210 [info ] [MainThread]: python version: 3.12.3
[0m09:02:55.491476 [info ] [MainThread]: python path: /mnt/c/Users/RBellinello/OneDrive - Datalogic S.p.a/Documents/Personal Projects/PythonCode/env-dbt-mysql/bin/python
[0m09:02:55.492635 [info ] [MainThread]: os info: Linux-5.15.167.4-microsoft-standard-WSL2-x86_64-with-glibc2.39
[0m09:02:55.500372 [info ] [MainThread]: Error importing adapter: No module named 'dbt.adapters.snowflake'
[0m09:02:56.161640 [info ] [MainThread]: Using profiles dir at /home/rbelline/.dbt
[0m09:02:56.163222 [info ] [MainThread]: Using profiles.yml file at /home/rbelline/.dbt/profiles.yml
[0m09:02:56.164383 [info ] [MainThread]: Using dbt_project.yml file at /mnt/c/Users/RBellinello/OneDrive - Datalogic S.p.a/Documents/Personal Projects/PythonCode/dbt-mysql/dbt_project.yml
[0m09:02:56.165997 [info ] [MainThread]: Configuration:
[0m09:02:56.167094 [info ] [MainThread]:   profiles.yml file [[31mERROR invalid[0m]
[0m09:02:56.168587 [info ] [MainThread]:   dbt_project.yml file [[31mERROR not found[0m]
[0m09:02:56.170209 [info ] [MainThread]: Required dependencies:
[0m09:02:56.171356 [debug] [MainThread]: Executing "git --help"
[0m09:02:56.174217 [debug] [MainThread]: STDOUT: "b"usage: git [-v | --version] [-h | --help] [-C <path>] [-c <name>=<value>]\n           [--exec-path[=<path>]] [--html-path] [--man-path] [--info-path]\n           [-p | --paginate | -P | --no-pager] [--no-replace-objects] [--bare]\n           [--git-dir=<path>] [--work-tree=<path>] [--namespace=<name>]\n           [--config-env=<name>=<envvar>] <command> [<args>]\n\nThese are common Git commands used in various situations:\n\nstart a working area (see also: git help tutorial)\n   clone     Clone a repository into a new directory\n   init      Create an empty Git repository or reinitialize an existing one\n\nwork on the current change (see also: git help everyday)\n   add       Add file contents to the index\n   mv        Move or rename a file, a directory, or a symlink\n   restore   Restore working tree files\n   rm        Remove files from the working tree and from the index\n\nexamine the history and state (see also: git help revisions)\n   bisect    Use binary search to find the commit that introduced a bug\n   diff      Show changes between commits, commit and working tree, etc\n   grep      Print lines matching a pattern\n   log       Show commit logs\n   show      Show various types of objects\n   status    Show the working tree status\n\ngrow, mark and tweak your common history\n   branch    List, create, or delete branches\n   commit    Record changes to the repository\n   merge     Join two or more development histories together\n   rebase    Reapply commits on top of another base tip\n   reset     Reset current HEAD to the specified state\n   switch    Switch branches\n   tag       Create, list, delete or verify a tag object signed with GPG\n\ncollaborate (see also: git help workflows)\n   fetch     Download objects and refs from another repository\n   pull      Fetch from and integrate with another repository or a local branch\n   push      Update remote refs along with associated objects\n\n'git help -a' and 'git help -g' list available subcommands and some\nconcept guides. See 'git help <command>' or 'git help <concept>'\nto read about a specific subcommand or concept.\nSee 'git help git' for an overview of the system.\n""
[0m09:02:56.175287 [debug] [MainThread]: STDERR: "b''"
[0m09:02:56.176162 [info ] [MainThread]:  - git [[32mOK found[0m]

[0m09:02:56.177091 [info ] [MainThread]: Connection test skipped since no profile was found
[0m09:02:56.178027 [info ] [MainThread]: [31m2 checks failed:[0m
[0m09:02:56.178843 [info ] [MainThread]: Could not load dbt_project.yml
Profile loading failed for the following reason:
Runtime Error
  Credentials in profile "snowflake_project", target "dev" invalid: Runtime Error
    Could not find adapter type snowflake!

Runtime Error
  Credentials in profile "mysql", target "dev" invalid: ['schema'] is not valid under any of the given schemas

Runtime Error
  Credentials in profile "mysql_project", target "dev" invalid: ['schema'] is not valid under any of the given schemas


[0m09:02:56.179988 [info ] [MainThread]: Project loading failed for the following reason:
 project path </mnt/c/Users/RBellinello/OneDrive - Datalogic S.p.a/Documents/Personal Projects/PythonCode/dbt-mysql/dbt_project.yml> not found

[0m09:02:56.183102 [debug] [MainThread]: Resource report: {"command_name": "debug", "command_wall_clock_time": 0.75242084, "process_user_time": 2.315603, "process_kernel_time": 0.885691, "process_mem_max_rss": "97712", "process_in_blocks": "9048", "command_success": false, "process_out_blocks": "0"}
[0m09:02:56.183917 [debug] [MainThread]: Command `dbt debug` failed at 09:02:56.183798 after 0.75 seconds
[0m09:02:56.184786 [debug] [MainThread]: Sending event: {'category': 'dbt', 'action': 'invocation', 'label': 'end', 'context': [<snowplow_tracker.self_describing_json.SelfDescribingJson object at 0x7f67875be900>, <snowplow_tracker.self_describing_json.SelfDescribingJson object at 0x7f6786af1370>, <snowplow_tracker.self_describing_json.SelfDescribingJson object at 0x7f6786af14c0>]}
[0m09:02:56.185781 [debug] [MainThread]: Flushing usage events
